<?xml version="1.0" encoding="UTF-8"?>
<testng-results skipped="0" failed="0" ignored="0" total="1" passed="1">
  <reporter-output>
  </reporter-output>
  <suite name="example suite 1" duration-ms="218" started-at="2019-04-29T19:25:28Z" finished-at="2019-04-29T19:25:28Z">
    <groups>
    </groups>
    <test name="Regression suite 1" duration-ms="218" started-at="2019-04-29T19:25:28Z" finished-at="2019-04-29T19:25:28Z">
      <class name="test_Classes.Practise1">
        <test-method status="PASS" signature="testB()[pri:0, instance:test_Classes.Practise1@a3ffec]" name="testB" duration-ms="104" started-at="2019-04-30T00:55:28Z" finished-at="2019-04-30T00:55:28Z">
          <reporter-output>
          </reporter-output>
        </test-method> <!-- testB -->
      </class> <!-- test_Classes.Practise1 -->
    </test> <!-- Regression suite 1 -->
  </suite> <!-- example suite 1 -->
</testng-results>
